25-Aug-2016 01:55:59.102 INFO [main] org.apache.catalina.startup.VersionLoggerListener.log Server version:        Apache Tomcat/9.0.0.M9
25-Aug-2016 01:55:59.117 INFO [main] org.apache.catalina.startup.VersionLoggerListener.log Server built:          Jul 4 2016 18:22:47 UTC
25-Aug-2016 01:55:59.117 INFO [main] org.apache.catalina.startup.VersionLoggerListener.log Server number:         9.0.0.0
25-Aug-2016 01:55:59.117 INFO [main] org.apache.catalina.startup.VersionLoggerListener.log OS Name:               Linux
25-Aug-2016 01:55:59.117 INFO [main] org.apache.catalina.startup.VersionLoggerListener.log OS Version:            3.16.0-4-amd64
25-Aug-2016 01:55:59.117 INFO [main] org.apache.catalina.startup.VersionLoggerListener.log Architecture:          amd64
25-Aug-2016 01:55:59.118 INFO [main] org.apache.catalina.startup.VersionLoggerListener.log Java Home:             /usr/lib/jvm/java-8-oracle/jre
25-Aug-2016 01:55:59.118 INFO [main] org.apache.catalina.startup.VersionLoggerListener.log JVM Version:           1.8.0_101-b13
25-Aug-2016 01:55:59.118 INFO [main] org.apache.catalina.startup.VersionLoggerListener.log JVM Vendor:            Oracle Corporation
25-Aug-2016 01:55:59.118 INFO [main] org.apache.catalina.startup.VersionLoggerListener.log CATALINA_BASE:         /home/trackback/git/topicos/hello-wolrds/jsp/tomcat
25-Aug-2016 01:55:59.118 INFO [main] org.apache.catalina.startup.VersionLoggerListener.log CATALINA_HOME:         /home/trackback/git/topicos/hello-wolrds/jsp/tomcat
25-Aug-2016 01:55:59.119 INFO [main] org.apache.catalina.startup.VersionLoggerListener.log Command line argument: -Djava.util.logging.config.file=/home/trackback/git/topicos/hello-wolrds/jsp/tomcat/conf/logging.properties
25-Aug-2016 01:55:59.119 INFO [main] org.apache.catalina.startup.VersionLoggerListener.log Command line argument: -Djava.util.logging.manager=org.apache.juli.ClassLoaderLogManager
25-Aug-2016 01:55:59.119 INFO [main] org.apache.catalina.startup.VersionLoggerListener.log Command line argument: -Djdk.tls.ephemeralDHKeySize=2048
25-Aug-2016 01:55:59.119 INFO [main] org.apache.catalina.startup.VersionLoggerListener.log Command line argument: -Dcatalina.base=/home/trackback/git/topicos/hello-wolrds/jsp/tomcat
25-Aug-2016 01:55:59.119 INFO [main] org.apache.catalina.startup.VersionLoggerListener.log Command line argument: -Dcatalina.home=/home/trackback/git/topicos/hello-wolrds/jsp/tomcat
25-Aug-2016 01:55:59.119 INFO [main] org.apache.catalina.startup.VersionLoggerListener.log Command line argument: -Djava.io.tmpdir=/home/trackback/git/topicos/hello-wolrds/jsp/tomcat/temp
25-Aug-2016 01:55:59.119 INFO [main] org.apache.catalina.core.AprLifecycleListener.lifecycleEvent The APR based Apache Tomcat Native library which allows optimal performance in production environments was not found on the java.library.path: /usr/java/packages/lib/amd64:/usr/lib64:/lib64:/lib:/usr/lib
25-Aug-2016 01:56:00.021 INFO [main] org.apache.coyote.AbstractProtocol.init Initializing ProtocolHandler ["http-nio-8080"]
25-Aug-2016 01:56:00.122 INFO [main] org.apache.tomcat.util.net.NioSelectorPool.getSharedSelector Using a shared selector for servlet write/read
25-Aug-2016 01:56:00.140 INFO [main] org.apache.coyote.AbstractProtocol.init Initializing ProtocolHandler ["ajp-nio-8009"]
25-Aug-2016 01:56:00.142 INFO [main] org.apache.tomcat.util.net.NioSelectorPool.getSharedSelector Using a shared selector for servlet write/read
25-Aug-2016 01:56:00.157 INFO [main] org.apache.catalina.startup.Catalina.load Initialization processed in 2544 ms
25-Aug-2016 01:56:00.310 INFO [main] org.apache.catalina.core.StandardService.startInternal Starting service Catalina
25-Aug-2016 01:56:00.313 INFO [main] org.apache.catalina.core.StandardEngine.startInternal Starting Servlet Engine: Apache Tomcat/9.0.0.M9
25-Aug-2016 01:56:00.367 INFO [localhost-startStop-1] org.apache.catalina.startup.HostConfig.deployDirectory Deploying web application directory /home/trackback/git/topicos/hello-wolrds/jsp/tomcat/webapps/host-manager
25-Aug-2016 01:56:01.909 INFO [localhost-startStop-1] org.apache.catalina.startup.HostConfig.deployDirectory Deployment of web application directory /home/trackback/git/topicos/hello-wolrds/jsp/tomcat/webapps/host-manager has finished in 1,521 ms
25-Aug-2016 01:56:01.909 INFO [localhost-startStop-1] org.apache.catalina.startup.HostConfig.deployDirectory Deploying web application directory /home/trackback/git/topicos/hello-wolrds/jsp/tomcat/webapps/ROOT
25-Aug-2016 01:56:02.010 INFO [localhost-startStop-1] org.apache.catalina.startup.HostConfig.deployDirectory Deployment of web application directory /home/trackback/git/topicos/hello-wolrds/jsp/tomcat/webapps/ROOT has finished in 101 ms
25-Aug-2016 01:56:02.011 INFO [localhost-startStop-1] org.apache.catalina.startup.HostConfig.deployDirectory Deploying web application directory /home/trackback/git/topicos/hello-wolrds/jsp/tomcat/webapps/manager
25-Aug-2016 01:56:02.085 INFO [localhost-startStop-1] org.apache.catalina.startup.HostConfig.deployDirectory Deployment of web application directory /home/trackback/git/topicos/hello-wolrds/jsp/tomcat/webapps/manager has finished in 74 ms
25-Aug-2016 01:56:02.086 INFO [localhost-startStop-1] org.apache.catalina.startup.HostConfig.deployDirectory Deploying web application directory /home/trackback/git/topicos/hello-wolrds/jsp/tomcat/webapps/docs
25-Aug-2016 01:56:02.159 INFO [localhost-startStop-1] org.apache.catalina.startup.HostConfig.deployDirectory Deployment of web application directory /home/trackback/git/topicos/hello-wolrds/jsp/tomcat/webapps/docs has finished in 74 ms
25-Aug-2016 01:56:02.165 INFO [localhost-startStop-1] org.apache.catalina.startup.HostConfig.deployDirectory Deploying web application directory /home/trackback/git/topicos/hello-wolrds/jsp/tomcat/webapps/examples
25-Aug-2016 01:56:02.826 INFO [localhost-startStop-1] org.apache.catalina.startup.HostConfig.deployDirectory Deployment of web application directory /home/trackback/git/topicos/hello-wolrds/jsp/tomcat/webapps/examples has finished in 661 ms
25-Aug-2016 01:56:02.834 INFO [main] org.apache.coyote.AbstractProtocol.start Starting ProtocolHandler [http-nio-8080]
25-Aug-2016 01:56:02.849 INFO [main] org.apache.coyote.AbstractProtocol.start Starting ProtocolHandler [ajp-nio-8009]
25-Aug-2016 01:56:02.850 INFO [main] org.apache.catalina.startup.Catalina.start Server startup in 2692 ms
25-Aug-2016 01:59:22.900 INFO [localhost-startStop-2] org.apache.catalina.startup.HostConfig.deployDirectory Deploying web application directory /home/trackback/git/topicos/hello-wolrds/jsp/tomcat/webapps/hello-world
25-Aug-2016 01:59:22.984 INFO [localhost-startStop-2] org.apache.catalina.startup.HostConfig.deployDirectory Deployment of web application directory /home/trackback/git/topicos/hello-wolrds/jsp/tomcat/webapps/hello-world has finished in 84 ms
25-Aug-2016 02:00:23.497 INFO [ContainerBackgroundProcessor[StandardEngine[Catalina]]] org.apache.catalina.startup.HostConfig.undeploy Undeploying context [/hello-world]
